<?xml version="1.0" encoding="UTF-8"?>
<!-- Generated by org.testng.reporters.JUnitReportReporter -->
<testsuite hostname="ganesha-PC" failures="0" tests="1" name="TestNG.DemoB" time="35.598" errors="0" timestamp="18 Dec 2018 04:50:23 GMT" skipped="0">
  <testcase classname="TestNG.DemoB" name="irctcLogin" time="35.598"/>
</testsuite> <!-- TestNG.DemoB -->
